0 info it worked if it ends with ok
1 verbose cli [ '/usr/local/bin/node', '/usr/local/bin/npm', 'install' ]
2 info using npm@3.10.3
3 info using node@v6.3.0
4 silly loadCurrentTree Starting
5 silly install loadCurrentTree
6 silly install readLocalPackageData
7 silly install normalizeTree
8 silly loadCurrentTree Finishing
9 silly loadIdealTree Starting
10 silly install loadIdealTree
11 silly cloneCurrentTree Starting
12 silly install cloneCurrentTreeToIdealTree
13 silly cloneCurrentTree Finishing
14 silly loadShrinkwrap Starting
15 silly install loadShrinkwrap
16 silly loadShrinkwrap Finishing
17 silly loadAllDepsIntoIdealTree Starting
18 silly install loadAllDepsIntoIdealTree
19 silly loadAllDepsIntoIdealTree Finishing
20 silly loadIdealTree Finishing
21 silly currentTree movieclipper@1.0.0
21 silly currentTree ├── abbrev@1.0.9
21 silly currentTree ├── accepts@1.3.3
21 silly currentTree ├── align-text@0.1.4
21 silly currentTree ├── amdefine@1.0.0
21 silly currentTree ├── ansi-regex@2.0.0
21 silly currentTree ├── ansi-styles@2.2.1
21 silly currentTree ├── archy@1.0.0
21 silly currentTree ├── arr-diff@2.0.0
21 silly currentTree ├── arr-flatten@1.0.1
21 silly currentTree ├── array-differ@1.0.0
21 silly currentTree ├── array-find-index@1.0.1
21 silly currentTree ├── array-flatten@1.1.1
21 silly currentTree ├── array-uniq@1.0.3
21 silly currentTree ├── array-unique@0.2.1
21 silly currentTree ├── asap@2.0.4
21 silly currentTree ├── async@1.5.2
21 silly currentTree ├── balanced-match@0.4.2
21 silly currentTree ├── base64-url@1.3.2
21 silly currentTree ├── bcrypt-nodejs@0.0.3
21 silly currentTree ├── beeper@1.1.0
21 silly currentTree ├── bignumber.js@2.3.0
21 silly currentTree ├── bluebird@3.4.3
21 silly currentTree ├── body-parser@1.15.2
21 silly currentTree ├── bower@1.7.9
21 silly currentTree ├── brace-expansion@1.1.6
21 silly currentTree ├── braces@1.8.5
21 silly currentTree ├── builtin-modules@1.1.1
21 silly currentTree ├── bytes@2.4.0
21 silly currentTree ├─┬ camelcase-keys@2.1.0
21 silly currentTree │ └── camelcase@2.1.1
21 silly currentTree ├── camelcase@1.2.1
21 silly currentTree ├── center-align@0.1.3
21 silly currentTree ├── chalk@1.1.3
21 silly currentTree ├── cli-color@0.3.3
21 silly currentTree ├─┬ cliui@2.1.0
21 silly currentTree │ └── wordwrap@0.0.2
21 silly currentTree ├── clone-stats@0.0.1
21 silly currentTree ├── clone@1.0.2
21 silly currentTree ├── code-point-at@1.0.0
21 silly currentTree ├── concat-map@0.0.1
21 silly currentTree ├── config-chain@1.1.10
21 silly currentTree ├── connect-ensure-login@0.1.1
21 silly currentTree ├── connect-flash@0.1.1
21 silly currentTree ├── connect-session-sequelize@3.1.0
21 silly currentTree ├── content-disposition@0.5.1
21 silly currentTree ├── content-type@1.0.2
21 silly currentTree ├── cookie-parser@1.4.3
21 silly currentTree ├── cookie-signature@1.0.6
21 silly currentTree ├── cookie@0.3.1
21 silly currentTree ├── core-util-is@1.0.2
21 silly currentTree ├── crc@3.4.0
21 silly currentTree ├── currently-unhandled@0.4.1
21 silly currentTree ├── d@0.1.1
21 silly currentTree ├── dateformat@1.0.12
21 silly currentTree ├── debug@2.2.0
21 silly currentTree ├── decamelize@1.2.0
21 silly currentTree ├── defaults@1.0.3
21 silly currentTree ├── define-properties@1.1.2
21 silly currentTree ├── depd@1.1.0
21 silly currentTree ├── deprecated@0.0.1
21 silly currentTree ├── destroy@1.0.4
21 silly currentTree ├── detect-file@0.1.0
21 silly currentTree ├── dottie@1.1.1
21 silly currentTree ├── duplexer2@0.0.2
21 silly currentTree ├── ee-first@1.1.1
21 silly currentTree ├── encodeurl@1.0.1
21 silly currentTree ├── end-of-stream@0.1.5
21 silly currentTree ├── error-ex@1.3.0
21 silly currentTree ├── es5-ext@0.10.12
21 silly currentTree ├── es6-iterator@2.0.0
21 silly currentTree ├── es6-symbol@3.1.0
21 silly currentTree ├─┬ es6-weak-map@0.1.4
21 silly currentTree │ ├── es6-iterator@0.1.3
21 silly currentTree │ └── es6-symbol@2.0.1
21 silly currentTree ├── escape-html@1.0.3
21 silly currentTree ├── escape-string-regexp@1.0.5
21 silly currentTree ├── etag@1.7.0
21 silly currentTree ├── event-emitter@0.3.4
21 silly currentTree ├── expand-brackets@0.1.5
21 silly currentTree ├── expand-range@1.8.2
21 silly currentTree ├── expand-tilde@1.2.2
21 silly currentTree ├── express-handlebars@3.0.0
21 silly currentTree ├── express-session@1.14.1
21 silly currentTree ├── express@4.14.0
21 silly currentTree ├── extend@3.0.0
21 silly currentTree ├── extglob@0.3.2
21 silly currentTree ├── fancy-log@1.2.0
21 silly currentTree ├── filename-regex@2.0.0
21 silly currentTree ├── fill-range@2.2.3
21 silly currentTree ├── finalhandler@0.5.0
21 silly currentTree ├── find-index@0.1.1
21 silly currentTree ├── find-up@1.1.2
21 silly currentTree ├── findup-sync@0.4.2
21 silly currentTree ├─┬ fined@1.0.1
21 silly currentTree │ └── lodash.isarray@4.0.0
21 silly currentTree ├── first-chunk-stream@1.0.0
21 silly currentTree ├── flagged-respawn@0.3.2
21 silly currentTree ├── for-in@0.1.5
21 silly currentTree ├── for-own@0.1.4
21 silly currentTree ├── foreach@2.0.5
21 silly currentTree ├── forwarded@0.1.0
21 silly currentTree ├── fresh@0.3.0
21 silly currentTree ├── fs-exists-sync@0.1.0
21 silly currentTree ├── fs-extra@0.28.0
21 silly currentTree ├── fs.realpath@1.0.0
21 silly currentTree ├── function-bind@1.1.0
21 silly currentTree ├── gaze@0.5.2
21 silly currentTree ├── generic-pool@2.4.2
21 silly currentTree ├── get-caller-file@1.0.2
21 silly currentTree ├── get-stdin@4.0.1
21 silly currentTree ├── glob-base@0.3.0
21 silly currentTree ├── glob-parent@2.0.0
21 silly currentTree ├─┬ glob-stream@3.1.18
21 silly currentTree │ ├── glob@4.5.3
21 silly currentTree │ ├── minimatch@2.0.10
21 silly currentTree │ ├── readable-stream@1.0.34
21 silly currentTree │ └── through2@0.6.5
21 silly currentTree ├── glob-watcher@0.0.6
21 silly currentTree ├── glob@6.0.4
21 silly currentTree ├── glob2base@0.0.12
21 silly currentTree ├── global-modules@0.2.3
21 silly currentTree ├── global-prefix@0.1.4
21 silly currentTree ├─┬ globule@0.1.0
21 silly currentTree │ ├── glob@3.1.21
21 silly currentTree │ ├── graceful-fs@1.2.3
21 silly currentTree │ ├── inherits@1.0.2
21 silly currentTree │ ├── lodash@1.0.2
21 silly currentTree │ └── minimatch@0.2.14
21 silly currentTree ├── glogg@1.0.0
21 silly currentTree ├── graceful-fs@4.1.6
21 silly currentTree ├── gulp-help@1.6.1
21 silly currentTree ├─┬ gulp-util@3.0.7
21 silly currentTree │ └── minimist@1.2.0
21 silly currentTree ├─┬ gulp@3.9.1
21 silly currentTree │ ├── minimist@1.2.0
21 silly currentTree │ └── semver@4.3.6
21 silly currentTree ├── gulplog@1.0.0
21 silly currentTree ├── handlebars@4.0.5
21 silly currentTree ├── has-ansi@2.0.0
21 silly currentTree ├── has-gulplog@0.1.0
21 silly currentTree ├── hosted-git-info@2.1.5
21 silly currentTree ├── http-errors@1.5.0
21 silly currentTree ├── iconv-lite@0.4.13
21 silly currentTree ├── indent-string@2.1.0
21 silly currentTree ├── inflection@1.10.0
21 silly currentTree ├── inflight@1.0.5
21 silly currentTree ├── inherits@2.0.1
21 silly currentTree ├── ini@1.3.4
21 silly currentTree ├── interpret@1.0.1
21 silly currentTree ├── invert-kv@1.0.0
21 silly currentTree ├── ipaddr.js@1.1.1
21 silly currentTree ├─┬ is-absolute@0.2.5
21 silly currentTree │ └── is-windows@0.1.1
21 silly currentTree ├── is-arrayish@0.2.1
21 silly currentTree ├── is-buffer@1.1.4
21 silly currentTree ├── is-builtin-module@1.0.0
21 silly currentTree ├── is-dotfile@1.0.2
21 silly currentTree ├── is-equal-shallow@0.1.3
21 silly currentTree ├── is-extendable@0.1.1
21 silly currentTree ├── is-extglob@1.0.0
21 silly currentTree ├── is-finite@1.0.1
21 silly currentTree ├── is-fullwidth-code-point@1.0.0
21 silly currentTree ├── is-glob@2.0.1
21 silly currentTree ├── is-number@2.1.0
21 silly currentTree ├── is-posix-bracket@0.1.1
21 silly currentTree ├── is-primitive@2.0.0
21 silly currentTree ├── is-relative@0.2.1
21 silly currentTree ├── is-unc-path@0.1.1
21 silly currentTree ├── is-utf8@0.2.1
21 silly currentTree ├── is-windows@0.2.0
21 silly currentTree ├── isarray@0.0.1
21 silly currentTree ├── isexe@1.1.2
21 silly currentTree ├─┬ isobject@2.1.0
21 silly currentTree │ └── isarray@1.0.0
21 silly currentTree ├── jquery@3.1.0
21 silly currentTree ├── js-beautify@1.6.3
21 silly currentTree ├── jsonfile@2.3.1
21 silly currentTree ├── kind-of@3.0.4
21 silly currentTree ├── klaw@1.3.0
21 silly currentTree ├── lazy-cache@1.0.4
21 silly currentTree ├── lcid@1.0.0
21 silly currentTree ├── liftoff@2.3.0
21 silly currentTree ├── load-json-file@1.1.0
21 silly currentTree ├── lodash._basecopy@3.0.1
21 silly currentTree ├── lodash._basetostring@3.0.1
21 silly currentTree ├── lodash._basevalues@3.0.0
21 silly currentTree ├── lodash._getnative@3.9.1
21 silly currentTree ├── lodash._isiterateecall@3.0.9
21 silly currentTree ├── lodash._reescape@3.0.0
21 silly currentTree ├── lodash._reevaluate@3.0.0
21 silly currentTree ├── lodash._reinterpolate@3.0.0
21 silly currentTree ├── lodash._root@3.0.1
21 silly currentTree ├── lodash.assign@4.2.0
21 silly currentTree ├── lodash.assignwith@4.2.0
21 silly currentTree ├── lodash.escape@3.2.0
21 silly currentTree ├── lodash.isarguments@3.1.0
21 silly currentTree ├── lodash.isarray@3.0.4
21 silly currentTree ├── lodash.isempty@4.4.0
21 silly currentTree ├── lodash.isplainobject@4.0.6
21 silly currentTree ├── lodash.isstring@4.0.1
21 silly currentTree ├── lodash.keys@3.1.2
21 silly currentTree ├── lodash.mapvalues@4.6.0
21 silly currentTree ├── lodash.pick@4.4.0
21 silly currentTree ├── lodash.restparam@3.6.1
21 silly currentTree ├── lodash.template@3.6.2
21 silly currentTree ├── lodash.templatesettings@3.1.1
21 silly currentTree ├── lodash@4.12.0
21 silly currentTree ├── longest@1.0.1
21 silly currentTree ├── loud-rejection@1.6.0
21 silly currentTree ├── lru-cache@2.7.3
21 silly currentTree ├── lru-queue@0.1.0
21 silly currentTree ├── map-cache@0.2.2
21 silly currentTree ├── map-obj@1.0.1
21 silly currentTree ├── media-typer@0.3.0
21 silly currentTree ├── memoizee@0.3.10
21 silly currentTree ├─┬ meow@3.7.0
21 silly currentTree │ ├── minimist@1.2.0
21 silly currentTree │ └── object-assign@4.1.0
21 silly currentTree ├── merge-descriptors@1.0.1
21 silly currentTree ├── method-override@2.3.6
21 silly currentTree ├── methods@1.1.2
21 silly currentTree ├── micromatch@2.3.11
21 silly currentTree ├── mime-db@1.23.0
21 silly currentTree ├── mime-types@2.1.11
21 silly currentTree ├── mime@1.3.4
21 silly currentTree ├── minimatch@3.0.3
21 silly currentTree ├── minimist@0.0.10
21 silly currentTree ├─┬ mkdirp@0.5.1
21 silly currentTree │ └── minimist@0.0.8
21 silly currentTree ├── moment-timezone@0.5.5
21 silly currentTree ├── moment@2.14.1
21 silly currentTree ├── ms@0.7.1
21 silly currentTree ├── multipipe@0.1.2
21 silly currentTree ├── mysql@2.11.1
21 silly currentTree ├── natives@1.0.2
21 silly currentTree ├── negotiator@0.6.1
21 silly currentTree ├── next-tick@0.2.2
21 silly currentTree ├── node-uuid@1.4.7
21 silly currentTree ├── nopt@3.0.6
21 silly currentTree ├── normalize-package-data@2.3.5
21 silly currentTree ├── normalize-path@2.0.1
21 silly currentTree ├── number-is-nan@1.0.0
21 silly currentTree ├── object-assign@3.0.0
21 silly currentTree ├── object-keys@1.0.11
21 silly currentTree ├── object.assign@4.0.4
21 silly currentTree ├── object.omit@2.0.0
21 silly currentTree ├── on-finished@2.3.0
21 silly currentTree ├── on-headers@1.0.1
21 silly currentTree ├── once@1.3.3
21 silly currentTree ├── optimist@0.6.1
21 silly currentTree ├── orchestrator@0.3.7
21 silly currentTree ├── ordered-read-streams@0.1.0
21 silly currentTree ├── os-homedir@1.0.1
21 silly currentTree ├── os-locale@1.4.0
21 silly currentTree ├── os-tmpdir@1.0.1
21 silly currentTree ├── osenv@0.1.3
21 silly currentTree ├── parse-filepath@1.0.1
21 silly currentTree ├── parse-glob@3.0.4
21 silly currentTree ├── parse-json@2.2.0
21 silly currentTree ├── parseurl@1.3.1
21 silly currentTree ├── passport-local@1.0.0
21 silly currentTree ├── passport-strategy@1.0.0
21 silly currentTree ├── passport@0.3.2
21 silly currentTree ├── path-exists@2.1.0
21 silly currentTree ├── path-is-absolute@1.0.0
21 silly currentTree ├── path-root-regex@0.1.2
21 silly currentTree ├── path-root@0.1.1
21 silly currentTree ├── path-to-regexp@0.1.7
21 silly currentTree ├── path-type@1.1.0
21 silly currentTree ├── pause@0.0.1
21 silly currentTree ├── pify@2.3.0
21 silly currentTree ├── pinkie-promise@2.0.1
21 silly currentTree ├── pinkie@2.0.4
21 silly currentTree ├── preserve@0.2.0
21 silly currentTree ├── pretty-hrtime@1.0.2
21 silly currentTree ├── process-nextick-args@1.0.7
21 silly currentTree ├── promise@7.1.1
21 silly currentTree ├── proto-list@1.2.4
21 silly currentTree ├── proxy-addr@1.1.2
21 silly currentTree ├── qs@6.2.0
21 silly currentTree ├── random-bytes@1.0.0
21 silly currentTree ├── randomatic@1.1.5
21 silly currentTree ├── range-parser@1.2.0
21 silly currentTree ├── raw-body@2.1.7
21 silly currentTree ├── read-pkg-up@1.0.1
21 silly currentTree ├── read-pkg@1.1.0
21 silly currentTree ├── readable-stream@1.1.14
21 silly currentTree ├── rechoir@0.6.2
21 silly currentTree ├── redefine@0.2.1
21 silly currentTree ├── redent@1.0.0
21 silly currentTree ├── regex-cache@0.4.3
21 silly currentTree ├── repeat-element@1.1.2
21 silly currentTree ├── repeat-string@1.5.4
21 silly currentTree ├── repeating@2.0.1
21 silly currentTree ├── replace-ext@0.0.1
21 silly currentTree ├── require-directory@2.1.1
21 silly currentTree ├── require-main-filename@1.0.1
21 silly currentTree ├── resolve-dir@0.1.1
21 silly currentTree ├── resolve@1.1.7
21 silly currentTree ├── retry-as-promised@2.0.1
21 silly currentTree ├── right-align@0.1.3
21 silly currentTree ├─┬ rimraf@2.5.4
21 silly currentTree │ └── glob@7.0.6
21 silly currentTree ├── semver@5.3.0
21 silly currentTree ├── send@0.14.1
21 silly currentTree ├─┬ sequelize-cli@2.4.0
21 silly currentTree │ ├── cliui@3.2.0
21 silly currentTree │ ├── window-size@0.2.0
21 silly currentTree │ └── yargs@4.8.1
21 silly currentTree ├── sequelize@3.24.1
21 silly currentTree ├── sequencify@0.0.7
21 silly currentTree ├── serve-static@1.11.1
21 silly currentTree ├── set-blocking@2.0.0
21 silly currentTree ├── setprototypeof@1.0.1
21 silly currentTree ├── shimmer@1.1.0
21 silly currentTree ├── sigmund@1.0.1
21 silly currentTree ├── signal-exit@3.0.0
21 silly currentTree ├── source-map@0.4.4
21 silly currentTree ├── sparkles@1.0.0
21 silly currentTree ├── spdx-correct@1.0.2
21 silly currentTree ├── spdx-expression-parse@1.0.3
21 silly currentTree ├── spdx-license-ids@1.2.2
21 silly currentTree ├── sqlstring@2.0.1
21 silly currentTree ├── statuses@1.3.0
21 silly currentTree ├── stream-consume@0.1.0
21 silly currentTree ├── string_decoder@0.10.31
21 silly currentTree ├── string-width@1.0.2
21 silly currentTree ├── strip-ansi@3.0.1
21 silly currentTree ├── strip-bom@2.0.0
21 silly currentTree ├── strip-indent@1.0.1
21 silly currentTree ├── supports-color@2.0.0
21 silly currentTree ├── terraformer-wkt-parser@1.1.2
21 silly currentTree ├── terraformer@1.0.6
21 silly currentTree ├─┬ through2@2.0.1
21 silly currentTree │ ├── isarray@1.0.0
21 silly currentTree │ └── readable-stream@2.0.6
21 silly currentTree ├── tildify@1.2.0
21 silly currentTree ├── time-stamp@1.0.1
21 silly currentTree ├── timers-ext@0.1.0
21 silly currentTree ├── toposort-class@1.0.1
21 silly currentTree ├── trim-newlines@1.0.0
21 silly currentTree ├── type-is@1.6.13
21 silly currentTree ├─┬ uglify-js@2.7.3
21 silly currentTree │ ├── async@0.2.10
21 silly currentTree │ └── source-map@0.5.6
21 silly currentTree ├── uglify-to-browserify@1.0.2
21 silly currentTree ├── uid-safe@2.1.2
21 silly currentTree ├── umzug@1.11.0
21 silly currentTree ├── unc-path-regex@0.1.2
21 silly currentTree ├── unique-stream@1.0.0
21 silly currentTree ├── unpipe@1.0.0
21 silly currentTree ├── user-home@1.1.1
21 silly currentTree ├── util-deprecate@1.0.2
21 silly currentTree ├── utils-merge@1.0.0
21 silly currentTree ├── v8flags@2.0.11
21 silly currentTree ├── validate-npm-package-license@3.0.1
21 silly currentTree ├── validator@5.5.0
21 silly currentTree ├── vary@1.1.0
21 silly currentTree ├─┬ vinyl-fs@0.3.14
21 silly currentTree │ ├── clone@0.2.0
21 silly currentTree │ ├── graceful-fs@3.0.10
21 silly currentTree │ ├── readable-stream@1.0.34
21 silly currentTree │ ├── strip-bom@1.0.0
21 silly currentTree │ ├── through2@0.6.5
21 silly currentTree │ └── vinyl@0.4.6
21 silly currentTree ├── vinyl@0.5.3
21 silly currentTree ├── which-module@1.0.0
21 silly currentTree ├── which@1.2.10
21 silly currentTree ├── window-size@0.1.0
21 silly currentTree ├── wkx@0.2.0
21 silly currentTree ├── wordwrap@0.0.3
21 silly currentTree ├── wrap-ansi@2.0.0
21 silly currentTree ├── wrappy@1.0.2
21 silly currentTree ├── xtend@4.0.1
21 silly currentTree ├── y18n@3.2.1
21 silly currentTree ├─┬ yargs-parser@2.4.1
21 silly currentTree │ └── camelcase@3.0.0
21 silly currentTree └── yargs@3.10.0
22 silly idealTree movieclipper@1.0.0
22 silly idealTree ├── abbrev@1.0.9
22 silly idealTree ├── accepts@1.3.3
22 silly idealTree ├── align-text@0.1.4
22 silly idealTree ├── amdefine@1.0.0
22 silly idealTree ├── ansi-regex@2.0.0
22 silly idealTree ├── ansi-styles@2.2.1
22 silly idealTree ├── archy@1.0.0
22 silly idealTree ├── arr-diff@2.0.0
22 silly idealTree ├── arr-flatten@1.0.1
22 silly idealTree ├── array-differ@1.0.0
22 silly idealTree ├── array-find-index@1.0.1
22 silly idealTree ├── array-flatten@1.1.1
22 silly idealTree ├── array-uniq@1.0.3
22 silly idealTree ├── array-unique@0.2.1
22 silly idealTree ├── asap@2.0.4
22 silly idealTree ├── async@1.5.2
22 silly idealTree ├── balanced-match@0.4.2
22 silly idealTree ├── base64-url@1.3.2
22 silly idealTree ├── bcrypt-nodejs@0.0.3
22 silly idealTree ├── beeper@1.1.0
22 silly idealTree ├── bignumber.js@2.3.0
22 silly idealTree ├── bluebird@3.4.3
22 silly idealTree ├── body-parser@1.15.2
22 silly idealTree ├── bower@1.7.9
22 silly idealTree ├── brace-expansion@1.1.6
22 silly idealTree ├── braces@1.8.5
22 silly idealTree ├── builtin-modules@1.1.1
22 silly idealTree ├── bytes@2.4.0
22 silly idealTree ├─┬ camelcase-keys@2.1.0
22 silly idealTree │ └── camelcase@2.1.1
22 silly idealTree ├── camelcase@1.2.1
22 silly idealTree ├── center-align@0.1.3
22 silly idealTree ├── chalk@1.1.3
22 silly idealTree ├── cli-color@0.3.3
22 silly idealTree ├─┬ cliui@2.1.0
22 silly idealTree │ └── wordwrap@0.0.2
22 silly idealTree ├── clone-stats@0.0.1
22 silly idealTree ├── clone@1.0.2
22 silly idealTree ├── code-point-at@1.0.0
22 silly idealTree ├── concat-map@0.0.1
22 silly idealTree ├── config-chain@1.1.10
22 silly idealTree ├── connect-ensure-login@0.1.1
22 silly idealTree ├── connect-flash@0.1.1
22 silly idealTree ├── connect-session-sequelize@3.1.0
22 silly idealTree ├── content-disposition@0.5.1
22 silly idealTree ├── content-type@1.0.2
22 silly idealTree ├── cookie-parser@1.4.3
22 silly idealTree ├── cookie-signature@1.0.6
22 silly idealTree ├── cookie@0.3.1
22 silly idealTree ├── core-util-is@1.0.2
22 silly idealTree ├── crc@3.4.0
22 silly idealTree ├── currently-unhandled@0.4.1
22 silly idealTree ├── d@0.1.1
22 silly idealTree ├── dateformat@1.0.12
22 silly idealTree ├── debug@2.2.0
22 silly idealTree ├── decamelize@1.2.0
22 silly idealTree ├── defaults@1.0.3
22 silly idealTree ├── define-properties@1.1.2
22 silly idealTree ├── depd@1.1.0
22 silly idealTree ├── deprecated@0.0.1
22 silly idealTree ├── destroy@1.0.4
22 silly idealTree ├── detect-file@0.1.0
22 silly idealTree ├── dottie@1.1.1
22 silly idealTree ├── duplexer2@0.0.2
22 silly idealTree ├── ee-first@1.1.1
22 silly idealTree ├── encodeurl@1.0.1
22 silly idealTree ├── end-of-stream@0.1.5
22 silly idealTree ├── error-ex@1.3.0
22 silly idealTree ├── es5-ext@0.10.12
22 silly idealTree ├── es6-iterator@2.0.0
22 silly idealTree ├── es6-symbol@3.1.0
22 silly idealTree ├─┬ es6-weak-map@0.1.4
22 silly idealTree │ ├── es6-iterator@0.1.3
22 silly idealTree │ └── es6-symbol@2.0.1
22 silly idealTree ├── escape-html@1.0.3
22 silly idealTree ├── escape-string-regexp@1.0.5
22 silly idealTree ├── etag@1.7.0
22 silly idealTree ├── event-emitter@0.3.4
22 silly idealTree ├── expand-brackets@0.1.5
22 silly idealTree ├── expand-range@1.8.2
22 silly idealTree ├── expand-tilde@1.2.2
22 silly idealTree ├── express-handlebars@3.0.0
22 silly idealTree ├── express-session@1.14.1
22 silly idealTree ├── express@4.14.0
22 silly idealTree ├── extend@3.0.0
22 silly idealTree ├── extglob@0.3.2
22 silly idealTree ├── fancy-log@1.2.0
22 silly idealTree ├── filename-regex@2.0.0
22 silly idealTree ├── fill-range@2.2.3
22 silly idealTree ├── finalhandler@0.5.0
22 silly idealTree ├── find-index@0.1.1
22 silly idealTree ├── find-up@1.1.2
22 silly idealTree ├── findup-sync@0.4.2
22 silly idealTree ├─┬ fined@1.0.1
22 silly idealTree │ └── lodash.isarray@4.0.0
22 silly idealTree ├── first-chunk-stream@1.0.0
22 silly idealTree ├── flagged-respawn@0.3.2
22 silly idealTree ├── for-in@0.1.5
22 silly idealTree ├── for-own@0.1.4
22 silly idealTree ├── foreach@2.0.5
22 silly idealTree ├── forwarded@0.1.0
22 silly idealTree ├── fresh@0.3.0
22 silly idealTree ├── fs-exists-sync@0.1.0
22 silly idealTree ├── fs-extra@0.28.0
22 silly idealTree ├── fs.realpath@1.0.0
22 silly idealTree ├── function-bind@1.1.0
22 silly idealTree ├── gaze@0.5.2
22 silly idealTree ├── generic-pool@2.4.2
22 silly idealTree ├── get-caller-file@1.0.2
22 silly idealTree ├── get-stdin@4.0.1
22 silly idealTree ├── glob-base@0.3.0
22 silly idealTree ├── glob-parent@2.0.0
22 silly idealTree ├─┬ glob-stream@3.1.18
22 silly idealTree │ ├── glob@4.5.3
22 silly idealTree │ ├── minimatch@2.0.10
22 silly idealTree │ ├── readable-stream@1.0.34
22 silly idealTree │ └── through2@0.6.5
22 silly idealTree ├── glob-watcher@0.0.6
22 silly idealTree ├── glob@6.0.4
22 silly idealTree ├── glob2base@0.0.12
22 silly idealTree ├── global-modules@0.2.3
22 silly idealTree ├── global-prefix@0.1.4
22 silly idealTree ├─┬ globule@0.1.0
22 silly idealTree │ ├── glob@3.1.21
22 silly idealTree │ ├── graceful-fs@1.2.3
22 silly idealTree │ ├── inherits@1.0.2
22 silly idealTree │ ├── lodash@1.0.2
22 silly idealTree │ └── minimatch@0.2.14
22 silly idealTree ├── glogg@1.0.0
22 silly idealTree ├── graceful-fs@4.1.6
22 silly idealTree ├── gulp-help@1.6.1
22 silly idealTree ├─┬ gulp-util@3.0.7
22 silly idealTree │ └── minimist@1.2.0
22 silly idealTree ├─┬ gulp@3.9.1
22 silly idealTree │ ├── minimist@1.2.0
22 silly idealTree │ └── semver@4.3.6
22 silly idealTree ├── gulplog@1.0.0
22 silly idealTree ├── handlebars@4.0.5
22 silly idealTree ├── has-ansi@2.0.0
22 silly idealTree ├── has-gulplog@0.1.0
22 silly idealTree ├── hosted-git-info@2.1.5
22 silly idealTree ├── http-errors@1.5.0
22 silly idealTree ├── iconv-lite@0.4.13
22 silly idealTree ├── indent-string@2.1.0
22 silly idealTree ├── inflection@1.10.0
22 silly idealTree ├── inflight@1.0.5
22 silly idealTree ├── inherits@2.0.1
22 silly idealTree ├── ini@1.3.4
22 silly idealTree ├── interpret@1.0.1
22 silly idealTree ├── invert-kv@1.0.0
22 silly idealTree ├── ipaddr.js@1.1.1
22 silly idealTree ├─┬ is-absolute@0.2.5
22 silly idealTree │ └── is-windows@0.1.1
22 silly idealTree ├── is-arrayish@0.2.1
22 silly idealTree ├── is-buffer@1.1.4
22 silly idealTree ├── is-builtin-module@1.0.0
22 silly idealTree ├── is-dotfile@1.0.2
22 silly idealTree ├── is-equal-shallow@0.1.3
22 silly idealTree ├── is-extendable@0.1.1
22 silly idealTree ├── is-extglob@1.0.0
22 silly idealTree ├── is-finite@1.0.1
22 silly idealTree ├── is-fullwidth-code-point@1.0.0
22 silly idealTree ├── is-glob@2.0.1
22 silly idealTree ├── is-number@2.1.0
22 silly idealTree ├── is-posix-bracket@0.1.1
22 silly idealTree ├── is-primitive@2.0.0
22 silly idealTree ├── is-relative@0.2.1
22 silly idealTree ├── is-unc-path@0.1.1
22 silly idealTree ├── is-utf8@0.2.1
22 silly idealTree ├── is-windows@0.2.0
22 silly idealTree ├── isarray@0.0.1
22 silly idealTree ├── isexe@1.1.2
22 silly idealTree ├─┬ isobject@2.1.0
22 silly idealTree │ └── isarray@1.0.0
22 silly idealTree ├── jquery@3.1.0
22 silly idealTree ├── js-beautify@1.6.3
22 silly idealTree ├── jsonfile@2.3.1
22 silly idealTree ├── kind-of@3.0.4
22 silly idealTree ├── klaw@1.3.0
22 silly idealTree ├── lazy-cache@1.0.4
22 silly idealTree ├── lcid@1.0.0
22 silly idealTree ├── liftoff@2.3.0
22 silly idealTree ├── load-json-file@1.1.0
22 silly idealTree ├── lodash._basecopy@3.0.1
22 silly idealTree ├── lodash._basetostring@3.0.1
22 silly idealTree ├── lodash._basevalues@3.0.0
22 silly idealTree ├── lodash._getnative@3.9.1
22 silly idealTree ├── lodash._isiterateecall@3.0.9
22 silly idealTree ├── lodash._reescape@3.0.0
22 silly idealTree ├── lodash._reevaluate@3.0.0
22 silly idealTree ├── lodash._reinterpolate@3.0.0
22 silly idealTree ├── lodash._root@3.0.1
22 silly idealTree ├── lodash.assign@4.2.0
22 silly idealTree ├── lodash.assignwith@4.2.0
22 silly idealTree ├── lodash.escape@3.2.0
22 silly idealTree ├── lodash.isarguments@3.1.0
22 silly idealTree ├── lodash.isarray@3.0.4
22 silly idealTree ├── lodash.isempty@4.4.0
22 silly idealTree ├── lodash.isplainobject@4.0.6
22 silly idealTree ├── lodash.isstring@4.0.1
22 silly idealTree ├── lodash.keys@3.1.2
22 silly idealTree ├── lodash.mapvalues@4.6.0
22 silly idealTree ├── lodash.pick@4.4.0
22 silly idealTree ├── lodash.restparam@3.6.1
22 silly idealTree ├── lodash.template@3.6.2
22 silly idealTree ├── lodash.templatesettings@3.1.1
22 silly idealTree ├── lodash@4.12.0
22 silly idealTree ├── longest@1.0.1
22 silly idealTree ├── loud-rejection@1.6.0
22 silly idealTree ├── lru-cache@2.7.3
22 silly idealTree ├── lru-queue@0.1.0
22 silly idealTree ├── map-cache@0.2.2
22 silly idealTree ├── map-obj@1.0.1
22 silly idealTree ├── media-typer@0.3.0
22 silly idealTree ├── memoizee@0.3.10
22 silly idealTree ├─┬ meow@3.7.0
22 silly idealTree │ ├── minimist@1.2.0
22 silly idealTree │ └── object-assign@4.1.0
22 silly idealTree ├── merge-descriptors@1.0.1
22 silly idealTree ├── method-override@2.3.6
22 silly idealTree ├── methods@1.1.2
22 silly idealTree ├── micromatch@2.3.11
22 silly idealTree ├── mime-db@1.23.0
22 silly idealTree ├── mime-types@2.1.11
22 silly idealTree ├── mime@1.3.4
22 silly idealTree ├── minimatch@3.0.3
22 silly idealTree ├── minimist@0.0.10
22 silly idealTree ├─┬ mkdirp@0.5.1
22 silly idealTree │ └── minimist@0.0.8
22 silly idealTree ├── moment-timezone@0.5.5
22 silly idealTree ├── moment@2.14.1
22 silly idealTree ├── ms@0.7.1
22 silly idealTree ├── multipipe@0.1.2
22 silly idealTree ├── mysql@2.11.1
22 silly idealTree ├── natives@1.0.2
22 silly idealTree ├── negotiator@0.6.1
22 silly idealTree ├── next-tick@0.2.2
22 silly idealTree ├── node-uuid@1.4.7
22 silly idealTree ├── nopt@3.0.6
22 silly idealTree ├── normalize-package-data@2.3.5
22 silly idealTree ├── normalize-path@2.0.1
22 silly idealTree ├── number-is-nan@1.0.0
22 silly idealTree ├── object-assign@3.0.0
22 silly idealTree ├── object-keys@1.0.11
22 silly idealTree ├── object.assign@4.0.4
22 silly idealTree ├── object.omit@2.0.0
22 silly idealTree ├── on-finished@2.3.0
22 silly idealTree ├── on-headers@1.0.1
22 silly idealTree ├── once@1.3.3
22 silly idealTree ├── optimist@0.6.1
22 silly idealTree ├── orchestrator@0.3.7
22 silly idealTree ├── ordered-read-streams@0.1.0
22 silly idealTree ├── os-homedir@1.0.1
22 silly idealTree ├── os-locale@1.4.0
22 silly idealTree ├── os-tmpdir@1.0.1
22 silly idealTree ├── osenv@0.1.3
22 silly idealTree ├── parse-filepath@1.0.1
22 silly idealTree ├── parse-glob@3.0.4
22 silly idealTree ├── parse-json@2.2.0
22 silly idealTree ├── parseurl@1.3.1
22 silly idealTree ├── passport-local@1.0.0
22 silly idealTree ├── passport-strategy@1.0.0
22 silly idealTree ├── passport@0.3.2
22 silly idealTree ├── path-exists@2.1.0
22 silly idealTree ├── path-is-absolute@1.0.0
22 silly idealTree ├── path-root-regex@0.1.2
22 silly idealTree ├── path-root@0.1.1
22 silly idealTree ├── path-to-regexp@0.1.7
22 silly idealTree ├── path-type@1.1.0
22 silly idealTree ├── pause@0.0.1
22 silly idealTree ├── pify@2.3.0
22 silly idealTree ├── pinkie-promise@2.0.1
22 silly idealTree ├── pinkie@2.0.4
22 silly idealTree ├── preserve@0.2.0
22 silly idealTree ├── pretty-hrtime@1.0.2
22 silly idealTree ├── process-nextick-args@1.0.7
22 silly idealTree ├── promise@7.1.1
22 silly idealTree ├── proto-list@1.2.4
22 silly idealTree ├── proxy-addr@1.1.2
22 silly idealTree ├── qs@6.2.0
22 silly idealTree ├── random-bytes@1.0.0
22 silly idealTree ├── randomatic@1.1.5
22 silly idealTree ├── range-parser@1.2.0
22 silly idealTree ├── raw-body@2.1.7
22 silly idealTree ├── read-pkg-up@1.0.1
22 silly idealTree ├── read-pkg@1.1.0
22 silly idealTree ├── readable-stream@1.1.14
22 silly idealTree ├── rechoir@0.6.2
22 silly idealTree ├── redefine@0.2.1
22 silly idealTree ├── redent@1.0.0
22 silly idealTree ├── regex-cache@0.4.3
22 silly idealTree ├── repeat-element@1.1.2
22 silly idealTree ├── repeat-string@1.5.4
22 silly idealTree ├── repeating@2.0.1
22 silly idealTree ├── replace-ext@0.0.1
22 silly idealTree ├── require-directory@2.1.1
22 silly idealTree ├── require-main-filename@1.0.1
22 silly idealTree ├── resolve-dir@0.1.1
22 silly idealTree ├── resolve@1.1.7
22 silly idealTree ├── retry-as-promised@2.0.1
22 silly idealTree ├── right-align@0.1.3
22 silly idealTree ├─┬ rimraf@2.5.4
22 silly idealTree │ └── glob@7.0.6
22 silly idealTree ├── semver@5.3.0
22 silly idealTree ├── send@0.14.1
22 silly idealTree ├─┬ sequelize-cli@2.4.0
22 silly idealTree │ ├── cliui@3.2.0
22 silly idealTree │ ├── window-size@0.2.0
22 silly idealTree │ └── yargs@4.8.1
22 silly idealTree ├── sequelize@3.24.1
22 silly idealTree ├── sequencify@0.0.7
22 silly idealTree ├── serve-static@1.11.1
22 silly idealTree ├── set-blocking@2.0.0
22 silly idealTree ├── setprototypeof@1.0.1
22 silly idealTree ├── shimmer@1.1.0
22 silly idealTree ├── sigmund@1.0.1
22 silly idealTree ├── signal-exit@3.0.0
22 silly idealTree ├── source-map@0.4.4
22 silly idealTree ├── sparkles@1.0.0
22 silly idealTree ├── spdx-correct@1.0.2
22 silly idealTree ├── spdx-expression-parse@1.0.3
22 silly idealTree ├── spdx-license-ids@1.2.2
22 silly idealTree ├── sqlstring@2.0.1
22 silly idealTree ├── statuses@1.3.0
22 silly idealTree ├── stream-consume@0.1.0
22 silly idealTree ├── string_decoder@0.10.31
22 silly idealTree ├── string-width@1.0.2
22 silly idealTree ├── strip-ansi@3.0.1
22 silly idealTree ├── strip-bom@2.0.0
22 silly idealTree ├── strip-indent@1.0.1
22 silly idealTree ├── supports-color@2.0.0
22 silly idealTree ├── terraformer-wkt-parser@1.1.2
22 silly idealTree ├── terraformer@1.0.6
22 silly idealTree ├─┬ through2@2.0.1
22 silly idealTree │ ├── isarray@1.0.0
22 silly idealTree │ └── readable-stream@2.0.6
22 silly idealTree ├── tildify@1.2.0
22 silly idealTree ├── time-stamp@1.0.1
22 silly idealTree ├── timers-ext@0.1.0
22 silly idealTree ├── toposort-class@1.0.1
22 silly idealTree ├── trim-newlines@1.0.0
22 silly idealTree ├── type-is@1.6.13
22 silly idealTree ├─┬ uglify-js@2.7.3
22 silly idealTree │ ├── async@0.2.10
22 silly idealTree │ └── source-map@0.5.6
22 silly idealTree ├── uglify-to-browserify@1.0.2
22 silly idealTree ├── uid-safe@2.1.2
22 silly idealTree ├── umzug@1.11.0
22 silly idealTree ├── unc-path-regex@0.1.2
22 silly idealTree ├── unique-stream@1.0.0
22 silly idealTree ├── unpipe@1.0.0
22 silly idealTree ├── user-home@1.1.1
22 silly idealTree ├── util-deprecate@1.0.2
22 silly idealTree ├── utils-merge@1.0.0
22 silly idealTree ├── v8flags@2.0.11
22 silly idealTree ├── validate-npm-package-license@3.0.1
22 silly idealTree ├── validator@5.5.0
22 silly idealTree ├── vary@1.1.0
22 silly idealTree ├─┬ vinyl-fs@0.3.14
22 silly idealTree │ ├── clone@0.2.0
22 silly idealTree │ ├── graceful-fs@3.0.10
22 silly idealTree │ ├── readable-stream@1.0.34
22 silly idealTree │ ├── strip-bom@1.0.0
22 silly idealTree │ ├── through2@0.6.5
22 silly idealTree │ └── vinyl@0.4.6
22 silly idealTree ├── vinyl@0.5.3
22 silly idealTree ├── which-module@1.0.0
22 silly idealTree ├── which@1.2.10
22 silly idealTree ├── window-size@0.1.0
22 silly idealTree ├── wkx@0.2.0
22 silly idealTree ├── wordwrap@0.0.3
22 silly idealTree ├── wrap-ansi@2.0.0
22 silly idealTree ├── wrappy@1.0.2
22 silly idealTree ├── xtend@4.0.1
22 silly idealTree ├── y18n@3.2.1
22 silly idealTree ├─┬ yargs-parser@2.4.1
22 silly idealTree │ └── camelcase@3.0.0
22 silly idealTree └── yargs@3.10.0
23 silly generateActionsToTake Starting
24 silly install generateActionsToTake
25 silly generateActionsToTake Finishing
26 silly diffTrees action count 0
27 silly decomposeActions action count 0
28 silly executeActions Starting
29 silly install executeActions
30 silly doSerial global-install 0
31 silly doParallel fetch 0
32 verbose correctMkdir /Users/fmurriel/.npm/_locks correctMkdir not in flight; initializing
33 verbose lock using /Users/fmurriel/.npm/_locks/staging-e3a36a8ee788e8b2.lock for /Users/fmurriel/rutgers-projects/Wk16/movieclipper/node_modules/.staging
34 silly doParallel extract 0
35 silly doParallel preinstall 0
36 silly doReverseSerial remove 0
37 silly doSerial move 0
38 silly doSerial finalize 0
39 silly doSerial build 0
40 silly doSerial global-link 0
41 silly doParallel update-linked 0
42 silly doSerial install 0
43 silly doSerial postinstall 0
44 verbose unlock done using /Users/fmurriel/.npm/_locks/staging-e3a36a8ee788e8b2.lock for /Users/fmurriel/rutgers-projects/Wk16/movieclipper/node_modules/.staging
45 silly executeActions Finishing
46 silly rollbackFailedOptional Starting
47 silly rollbackFailedOptional Finishing
48 silly runTopLevelLifecycles Starting
49 silly install runTopLevelLifecycles
50 silly preinstall movieclipper@1.0.0 /Users/fmurriel/rutgers-projects/Wk16/movieclipper/movieclipper-f94252f8
51 info lifecycle movieclipper@1.0.0~preinstall: movieclipper@1.0.0
52 silly lifecycle movieclipper@1.0.0~preinstall: no script for preinstall, continuing
53 silly build movieclipper@1.0.0
54 info linkStuff movieclipper@1.0.0
55 silly linkStuff movieclipper@1.0.0 has /Users/fmurriel/rutgers-projects/Wk16 as its parent node_modules
56 verbose linkBins movieclipper@1.0.0
57 verbose linkMans movieclipper@1.0.0
58 silly install movieclipper@1.0.0 /Users/fmurriel/rutgers-projects/Wk16/movieclipper/movieclipper-f94252f8
59 info lifecycle movieclipper@1.0.0~install: movieclipper@1.0.0
60 silly lifecycle movieclipper@1.0.0~install: no script for install, continuing
61 silly postinstall movieclipper@1.0.0 /Users/fmurriel/rutgers-projects/Wk16/movieclipper/movieclipper-f94252f8
62 info lifecycle movieclipper@1.0.0~postinstall: movieclipper@1.0.0
63 verbose lifecycle movieclipper@1.0.0~postinstall: unsafe-perm in lifecycle true
64 verbose lifecycle movieclipper@1.0.0~postinstall: PATH: /usr/local/lib/node_modules/npm/bin/node-gyp-bin:/Users/fmurriel/rutgers-projects/Wk16/movieclipper/node_modules/.bin:/usr/local/bin:/usr/local/bin:/usr/bin:/bin:/usr/sbin:/sbin
65 verbose lifecycle movieclipper@1.0.0~postinstall: CWD: /Users/fmurriel/rutgers-projects/Wk16/movieclipper
66 silly lifecycle movieclipper@1.0.0~postinstall: Args: [ '-c', 'node_modules/bower/bin/bower install' ]
67 silly lifecycle movieclipper@1.0.0~postinstall: Returned: code: 1  signal: null
68 info lifecycle movieclipper@1.0.0~postinstall: Failed to exec postinstall script
69 verbose stack Error: movieclipper@1.0.0 postinstall: `node_modules/bower/bin/bower install`
69 verbose stack Exit status 1
69 verbose stack     at EventEmitter.<anonymous> (/usr/local/lib/node_modules/npm/lib/utils/lifecycle.js:242:16)
69 verbose stack     at emitTwo (events.js:106:13)
69 verbose stack     at EventEmitter.emit (events.js:191:7)
69 verbose stack     at ChildProcess.<anonymous> (/usr/local/lib/node_modules/npm/lib/utils/spawn.js:40:14)
69 verbose stack     at emitTwo (events.js:106:13)
69 verbose stack     at ChildProcess.emit (events.js:191:7)
69 verbose stack     at maybeClose (internal/child_process.js:852:16)
69 verbose stack     at Process.ChildProcess._handle.onexit (internal/child_process.js:215:5)
70 verbose pkgid movieclipper@1.0.0
71 verbose cwd /Users/fmurriel/rutgers-projects/Wk16/movieclipper
72 error Darwin 14.5.0
73 error argv "/usr/local/bin/node" "/usr/local/bin/npm" "install"
74 error node v6.3.0
75 error npm  v3.10.3
76 error code ELIFECYCLE
77 error movieclipper@1.0.0 postinstall: `node_modules/bower/bin/bower install`
77 error Exit status 1
78 error Failed at the movieclipper@1.0.0 postinstall script 'node_modules/bower/bin/bower install'.
78 error Make sure you have the latest version of node.js and npm installed.
78 error If you do, this is most likely a problem with the movieclipper package,
78 error not with npm itself.
78 error Tell the author that this fails on your system:
78 error     node_modules/bower/bin/bower install
78 error You can get information on how to open an issue for this project with:
78 error     npm bugs movieclipper
78 error Or if that isn't available, you can get their info via:
78 error     npm owner ls movieclipper
78 error There is likely additional logging output above.
79 verbose exit [ 1, true ]
